<?xml version="1.0" encoding="UTF-8"?>
<Site BuildName="Win32-ninja"
	BuildStamp="20240229-0649-Experimental"
	Name="DESKTOP-I5776GL"
	Generator="ctest-3.27.7"
	CompilerName="G:/Aplikasi/MSYS2/ucrt64/bin/g++.exe"
	CompilerVersion="13.2.0"
	OSName="Windows"
	Hostname="DESKTOP-I5776GL"
	OSRelease=" Professional"
	OSVersion=" (Build 19045)"
	OSPlatform="AMD64"
	Is64Bits="1"
	VendorString="GenuineIntel"
	VendorID="Intel Corporation"
	FamilyID="6"
	ModelID="13"
	ProcessorCacheSize="-1"
	NumberOfLogicalCPU="4"
	NumberOfPhysicalCPU="2"
	TotalVirtualMemory="24251"
	TotalPhysicalMemory="11963"
	LogicalProcessorsPerPhysical="2"
	ProcessorClockFrequency="2394"
	>
	<Testing>
		<StartDateTime>Feb 29 23:59 SE Asia Standard Time</StartDateTime>
		<StartTestTime>1709225955</StartTestTime>
		<TestList/>
		<EndDateTime>Feb 29 23:59 SE Asia Standard Time</EndDateTime>
		<EndTestTime>1709225955</EndTestTime>
		<ElapsedMinutes>0</ElapsedMinutes>
	</Testing>
</Site>
